-------------------------------------------------------------------------------
Test set: com.liter.service.BillingAndPaymentTests
-------------------------------------------------------------------------------
Tests run: 2, Failures: 2, Errors: 0, Skipped: 0, Time elapsed: 22.18 s <<< FAILURE! -- in com.liter.service.BillingAndPaymentTests
com.liter.service.BillingAndPaymentTests.testChronologicalPaymentsFifoAllocation -- Time elapsed: 1.497 s <<< FAILURE!
org.opentest4j.AssertionFailedError: expected: <110.00> but was: <110.0000>
	at org.junit.jupiter.api.AssertionFailureBuilder.build(AssertionFailureBuilder.java:151)
	at org.junit.jupiter.api.AssertionFailureBuilder.buildAndThrow(AssertionFailureBuilder.java:132)
	at org.junit.jupiter.api.AssertEquals.failNotEqual(AssertEquals.java:197)
	at org.junit.jupiter.api.AssertEquals.assertEquals(AssertEquals.java:182)
	at org.junit.jupiter.api.AssertEquals.assertEquals(AssertEquals.java:177)
	at org.junit.jupiter.api.Assertions.assertEquals(Assertions.java:1145)
	at com.liter.service.BillingAndPaymentTests.testChronologicalPaymentsFifoAllocation(BillingAndPaymentTests.java:162)
	at java.base/java.lang.reflect.Method.invoke(Method.java:565)
	at java.base/java.util.ArrayList.forEach(ArrayList.java:1612)
	at java.base/java.util.ArrayList.forEach(ArrayList.java:1612)

com.liter.service.BillingAndPaymentTests.testPricingPriorityAndBillingGeneration -- Time elapsed: 0.094 s <<< FAILURE!
org.opentest4j.AssertionFailedError: Total bill amount must equal ₹165.00 ==> expected: <165.00> but was: <165.0000>
	at org.junit.jupiter.api.AssertionFailureBuilder.build(AssertionFailureBuilder.java:151)
	at org.junit.jupiter.api.AssertionFailureBuilder.buildAndThrow(AssertionFailureBuilder.java:132)
	at org.junit.jupiter.api.AssertEquals.failNotEqual(AssertEquals.java:197)
	at org.junit.jupiter.api.AssertEquals.assertEquals(AssertEquals.java:182)
	at org.junit.jupiter.api.Assertions.assertEquals(Assertions.java:1156)
	at com.liter.service.BillingAndPaymentTests.testPricingPriorityAndBillingGeneration(BillingAndPaymentTests.java:120)
	at java.base/java.lang.reflect.Method.invoke(Method.java:565)
	at java.base/java.util.ArrayList.forEach(ArrayList.java:1612)
	at java.base/java.util.ArrayList.forEach(ArrayList.java:1612)

