<?xml version="1.0" encoding="UTF-8"?>
<testsuite xmlns:xsi="http://www.w3.org/2001/XMLSchema-instance" xsi:noNamespaceSchemaLocation="https://maven.apache.org/surefire/maven-surefire-plugin/xsd/surefire-test-report-3.0.xsd" version="3.0" name="com.liter.service.BillingAndPaymentTests" time="22.185" tests="2" errors="0" skipped="0" failures="2">
  <properties>
[...]
</properties>
  <testcase name="testChronologicalPaymentsFifoAllocation" classname="com.liter.service.BillingAndPaymentTests" time="1.497">
    <failure message="expected: &lt;110.00&gt; but was: &lt;110.0000&gt;" type="org.opentest4j.AssertionFailedError"><![CDATA[org.opentest4j.AssertionFailedError: expected: <110.00> but was: <110.0000>
	at org.junit.jupiter.api.AssertionFailureBuilder.build(AssertionFailureBuilder.java:151)
	at org.junit.jupiter.api.AssertionFailureBuilder.buildAndThrow(AssertionFailureBuilder.java:132)
	at org.junit.jupiter.api.AssertEquals.failNotEqual(AssertEquals.java:197)
	at org.junit.jupiter.api.AssertEquals.assertEquals(AssertEquals.java:182)
	at org.junit.jupiter.api.AssertEquals.assertEquals(AssertEquals.java:177)
	at org.junit.jupiter.api.Assertions.assertEquals(Assertions.java:1145)
	at com.liter.service.BillingAndPaymentTests.testChronologicalPaymentsFifoAllocation(BillingAndPaymentTests.java:162)
	at java.base/java.lang.reflect.Method.invoke(Method.java:565)
	at java.base/java.util.ArrayList.forEach(ArrayList.java:1612)
	at java.base/java.util.ArrayList.forEach(ArrayList.java:1612)
]]></failure>
    <system-out><![CDATA[14:38:16.771 [main] INFO org.springframework.test.context.support.AnnotationConfigContextLoaderUtils -- Could not detect default configuration classes for test class [com.liter.service.BillingAndPaymentTests]: BillingAndPaymentTests does not declare any static, non-private, non-final, nested classes annotated with @Configuration.
14:38:17.111 [main] INFO org.springframework.boot.test.context.SpringBootTestContextBootstrapper -- Found @SpringBootConfiguration com.liter.LiterApplication for test class com.liter.service.BillingAndPaymentTests

  .   ____          _            __ _ _
 /\\ / ___'_ __ _ _(_)_ __  __ _ \ \ \ \
( ( )\___ | '_ | '_| | '_ \/ _` | \ \ \ \
 \\/  ___)| |_)| | | | | || (_| |  ) ) ) )
  '  |____| .__|_| |_|_| |_\__, | / / / /
 =========|_|==============|___/=/_/_/_/

 :: Spring Boot ::                (v3.3.2)

2026-08-26T14:38:18.770+05:30  INFO 20556 --- [liter] [           main] c.liter.service.BillingAndPaymentTests   : Starting BillingAndPaymentTests using Java 26.0.1 with PID 20556 (started by soman in c:\Users\soman\Desktop\Liter\backend)
2026-08-26T14:38:18.774+05:30  INFO 20556 --- [liter] [           main] c.liter.service.BillingAndPaymentTests   : The following 1 profile is active: "dev"
2026-08-26T14:38:21.230+05:30  INFO 20556 --- [liter] [           main] .s.d.r.c.RepositoryConfigurationDelegate : Bootstrapping Spring Data JPA repositories in DEFAULT mode.
2026-08-26T14:38:21.614+05:30  INFO 20556 --- [liter] [           main] .s.d.r.c.RepositoryConfigurationDelegate : Finished Spring Data repository scanning in 347 ms. Found 10 JPA repository interfaces.
2026-08-26T14:38:23.519+05:30  INFO 20556 --- [liter] [           main] o.hibernate.jpa.internal.util.LogHelper  : HHH000204: Processing PersistenceUnitInfo [name: default]
2026-08-26T14:38:23.721+05:30  INFO 20556 --- [liter] [           main] org.hibernate.Version                    : HHH000412: Hibernate ORM core version 6.5.2.Final
2026-08-26T14:38:23.989+05:30  INFO 20556 --- [liter] [           main] o.h.c.internal.RegionFactoryInitiator    : HHH000026: Second-level cache disabled
2026-08-26T14:38:25.157+05:30  INFO 20556 --- [liter] [           main] o.s.o.j.p.SpringPersistenceUnitInfo      : No LoadTimeWeaver setup: ignoring JPA class transformer
2026-08-26T14:38:25.263+05:30  INFO 20556 --- [liter] [           main] com.zaxxer.hikari.HikariDataSource       : HikariPool-1 - Starting...
2026-08-26T14:38:26.315+05:30  INFO 20556 --- [liter] [           main] com.zaxxer.hikari.pool.HikariPool        : HikariPool-1 - Added connection conn0: url=jdbc:h2:file:./data/literdb user=SA
2026-08-26T14:38:26.319+05:30  INFO 20556 --- [liter] [           main] com.zaxxer.hikari.HikariDataSource       : HikariPool-1 - Start completed.
2026-08-26T14:38:26.417+05:30  WARN 20556 --- [liter] [           main] org.hibernate.orm.deprecation            : HHH90000025: H2Dialect does not need to be specified explicitly using 'hibernate.dialect' (remove the property setting and it will be selected by default)
2026-08-26T14:38:30.338+05:30  INFO 20556 --- [liter] [           main] o.h.e.t.j.p.i.JtaPlatformInitiator       : HHH000489: No JTA platform available (set 'hibernate.transaction.jta.platform' to enable JTA platform integration)
Hibernate: 
    create table bill_items (
        id bigint generated by default as identity,
        average_price numeric(10,2) not null,
        total_amount numeric(10,2) not null,
        total_quantity numeric(10,2) not null,
        bill_id bigint not null,
        product_id bigint not null,
        primary key (id)
    )
Hibernate: 
    create table bills (
        id bigint generated by default as identity,
        bill_period_end date not null,
        bill_period_start date not null,
        created_at timestamp(6) not null,
        issue_date date not null,
        outstanding_amount numeric(10,2) not null,
        paid_amount numeric(10,2) not null,
        status varchar(20) not null,
        total_amount numeric(10,2) not null,
        customer_id bigint not null,
        primary key (id)
    )
Hibernate: 
    create table customer_price_history (
        id bigint generated by default as identity,
        created_at timestamp(6) not null,
        end_date date,
        price numeric(10,2) not null,
        start_date date not null,
        customer_id bigint not null,
        product_id bigint not null,
        primary key (id)
    )
Hibernate: 
    create table customer_product_configs (
        id bigint generated by default as identity,
        active boolean not null,
        custom_price numeric(10,2),
        default_qty_evening numeric(6,2) not null,
        default_qty_morning numeric(6,2) not null,
        updated_at timestamp(6) not null,
        customer_id bigint not null,
        product_id bigint not null,
        primary key (id)
    )
Hibernate: 
    create table customers (
        id bigint generated by default as identity,
        address varchar(255),
        created_at timestamp(6) not null,
        landmark varchar(100),
        mobile_number varchar(15),
        name varchar(100) not null,
        notes TEXT,
        start_date date not null,
        status varchar(20) not null,
        updated_at timestamp(6) not null,
        village varchar(100),
        primary key (id)
    )
Hibernate: 
    create table dairy_profiles (
        id bigint generated by default as identity,
        address varchar(255),
        business_name varchar(100) not null,
        mobile_number varchar(15),
        owner_name varchar(100) not null,
        updated_at timestamp(6) not null,
        upi_id varchar(100),
        primary key (id)
    )
Hibernate: 
    create table delivery_transactions (
        id bigint generated by default as identity,
        applied_price numeric(10,2) not null,
        created_at timestamp(6) not null,
        delivery_date date not null,
        notes TEXT,
        quantity numeric(6,2) not null,
        session varchar(10) not null,
        status varchar(20) not null,
        total_amount numeric(10,2) not null,
        unit varchar(10) not null,
        updated_at timestamp(6) not null,
        customer_id bigint not null,
        product_id bigint not null,
        primary key (id)
    )
Hibernate: 
    create table payments (
        id bigint generated by default as identity,
        amount numeric(10,2) not null,
        created_at timestamp(6) not null,
        notes TEXT,
        payment_date date not null,
        payment_method varchar(20) not null,
        reference_number varchar(100),
        customer_id bigint not null,
        primary key (id)
    )
Hibernate: 
    create table products (
        id bigint generated by default as identity,
        active boolean not null,
        category varchar(50) not null,
        created_at timestamp(6) not null,
        default_price numeric(10,2) not null,
        description varchar(255),
        name varchar(100) not null,
        unit varchar(10) not null,
        primary key (id)
    )
Hibernate: 
    create table users (
        id bigint generated by default as identity,
        active boolean not null,
        created_at timestamp(6) not null,
        email varchar(100) not null,
        full_name varchar(100) not null,
        password varchar(100) not null,
        role varchar(20) not null,
        username varchar(50) not null,
        primary key (id)
    )
Hibernate: 
    alter table if exists customer_product_configs 
       drop constraint if exists UKlvw42lb9k6y3efq7ndtghaef5
Hibernate: 
    alter table if exists customer_product_configs 
       add constraint UKlvw42lb9k6y3efq7ndtghaef5 unique (customer_id, product_id)
Hibernate: 
    alter table if exists delivery_transactions 
       drop constraint if exists UKpv3cyw5wyq5pn7a1qwt85bq84
Hibernate: 
    alter table if exists delivery_transactions 
       add constraint UKpv3cyw5wyq5pn7a1qwt85bq84 unique (customer_id, product_id, delivery_date, session)
Hibernate: 
    alter table if exists products 
       drop constraint if exists UKo61fmio5yukmmiqgnxf8pnavn
Hibernate: 
    alter table if exists products 
       add constraint UKo61fmio5yukmmiqgnxf8pnavn unique (name)
Hibernate: 
    alter table if exists users 
       drop constraint if exists UK6dotkott2kjsp8vw4d0m25fb7
Hibernate: 
    alter table if exists users 
       add constraint UK6dotkott2kjsp8vw4d0m25fb7 unique (email)
Hibernate: 
    alter table if exists users 
       drop constraint if exists UKr43af9ap4edm43mmtq01oddj6
Hibernate: 
    alter table if exists users 
       add constraint UKr43af9ap4edm43mmtq01oddj6 unique (username)
Hibernate: 
    alter table if exists bill_items 
       add constraint FKj9o7g8krc56gf6t6f0sy4ic5p 
       foreign key (bill_id) 
       references bills
Hibernate: 
    alter table if exists bill_items 
       add constraint FKnxfjfage047r297vj65sq8e6h 
       foreign key (product_id) 
       references products
Hibernate: 
    alter table if exists bills 
       add constraint FKoy9sc2dmxj2qwjeiiilf3yuxp 
       foreign key (customer_id) 
       references customers
Hibernate: 
    alter table if exists customer_price_history 
       add constraint FK1rmg2toi7eqrnog5f8c294b76 
       foreign key (customer_id) 
       references customers
Hibernate: 
    alter table if exists customer_price_history 
       add constraint FKn54cn25vm1ihbdn31xlcn0bjm 
       foreign key (product_id) 
       references products
Hibernate: 
    alter table if exists customer_product_configs 
       add constraint FKc5k3qp5hl3ul4ovip4na8rbed 
       foreign key (customer_id) 
       references customers
Hibernate: 
    alter table if exists customer_product_configs 
       add constraint FKpf7ds407xtbmgtn7ne02hs3hg 
       foreign key (product_id) 
       references products
Hibernate: 
    alter table if exists delivery_transactions 
       add constraint FKlwtemtepvgmb1bnhknepq28nm 
       foreign key (customer_id) 
       references customers
Hibernate: 
    alter table if exists delivery_transactions 
       add constraint FKo48c8enwk4jhggld972xd03a2 
       foreign key (product_id) 
       references products
Hibernate: 
    alter table if exists payments 
       add constraint FK45dp0030s8e3myd8n6ky4e79g 
       foreign key (customer_id) 
       references customers
2026-08-26T14:38:30.641+05:30  INFO 20556 --- [liter] [           main] j.LocalContainerEntityManagerFactoryBean : Initialized JPA EntityManagerFactory for persistence unit 'default'
2026-08-26T14:38:32.207+05:30  INFO 20556 --- [liter] [           main] r$InitializeUserDetailsManagerConfigurer : Global AuthenticationManager configured with UserDetailsService bean with name userDetailsServiceImpl
2026-08-26T14:38:33.125+05:30  WARN 20556 --- [liter] [           main] JpaBaseConfiguration$JpaWebConfiguration : spring.jpa.open-in-view is enabled by default. Therefore, database queries may be performed during view rendering. Explicitly configure spring.jpa.open-in-view to disable this warning
2026-08-26T14:38:35.336+05:30  INFO 20556 --- [liter] [           main] o.s.b.a.h2.H2ConsoleAutoConfiguration    : H2 console available at '/h2-console'. Database available at 'jdbc:h2:file:./data/literdb'
2026-08-26T14:38:35.518+05:30  INFO 20556 --- [liter] [           main] c.liter.service.BillingAndPaymentTests   : Started BillingAndPaymentTests in 17.82 seconds (process running for 20.706)
Hibernate: 
    select
        count(*) 
    from
        users u1_0
Hibernate: 
    insert 
    into
        users
        (active, created_at, email, full_name, password, role, username, id) 
    values
        (?, ?, ?, ?, ?, ?, ?, default)
>>> Default owner user created: admin / admin123
Hibernate: 
    select
        dt1_0.id,
        dt1_0.applied_price,
        dt1_0.created_at,
        dt1_0.customer_id,
        dt1_0.delivery_date,
        dt1_0.notes,
        dt1_0.product_id,
        dt1_0.quantity,
        dt1_0.session,
        dt1_0.status,
        dt1_0.total_amount,
        dt1_0.unit,
        dt1_0.updated_at 
    from
        delivery_transactions dt1_0
Hibernate: 
    select
        b1_0.id,
        b1_0.bill_period_end,
        b1_0.bill_period_start,
        b1_0.created_at,
        b1_0.customer_id,
        b1_0.issue_date,
        b1_0.outstanding_amount,
        b1_0.paid_amount,
        b1_0.status,
        b1_0.total_amount 
    from
        bills b1_0
Hibernate: 
    select
        p1_0.id,
        p1_0.amount,
        p1_0.created_at,
        p1_0.customer_id,
        p1_0.notes,
        p1_0.payment_date,
        p1_0.payment_method,
        p1_0.reference_number 
    from
        payments p1_0
Hibernate: 
    select
        cpc1_0.id,
        cpc1_0.active,
        cpc1_0.custom_price,
        cpc1_0.customer_id,
        cpc1_0.default_qty_evening,
        cpc1_0.default_qty_morning,
        cpc1_0.product_id,
        cpc1_0.updated_at 
    from
        customer_product_configs cpc1_0
Hibernate: 
    select
        c1_0.id,
        c1_0.address,
        c1_0.created_at,
        c1_0.landmark,
        c1_0.mobile_number,
        c1_0.name,
        c1_0.notes,
        c1_0.start_date,
        c1_0.status,
        c1_0.updated_at,
        c1_0.village 
    from
        customers c1_0
Hibernate: 
    select
        p1_0.id,
        p1_0.active,
        p1_0.category,
        p1_0.created_at,
        p1_0.default_price,
        p1_0.description,
        p1_0.name,
        p1_0.unit 
    from
        products p1_0
Hibernate: 
    insert 
    into
        products
        (active, category, created_at, default_price, description, name, unit, id) 
    values
        (?, ?, ?, ?, ?, ?, ?, default)
Hibernate: 
    insert 
    into
        customers
        (address, created_at, landmark, mobile_number, name, notes, start_date, status, updated_at, village, id) 
    values
        (?, ?, ?, ?, ?, ?, ?, ?, ?, ?, default)
Hibernate: 
    insert 
    into
        customer_product_configs
        (active, custom_price, customer_id, default_qty_evening, default_qty_morning, product_id, updated_at, id) 
    values
        (?, ?, ?, ?, ?, ?, ?, default)
Hibernate: 
    insert 
    into
        delivery_transactions
        (applied_price, created_at, customer_id, delivery_date, notes, product_id, quantity, session, status, total_amount, unit, updated_at, id) 
    values
        (?, ?, ?, ?, ?, ?, ?, ?, ?, ?, ?, ?, default)
Hibernate: 
    insert 
    into
        delivery_transactions
        (applied_price, created_at, customer_id, delivery_date, notes, product_id, quantity, session, status, total_amount, unit, updated_at, id) 
    values
        (?, ?, ?, ?, ?, ?, ?, ?, ?, ?, ?, ?, default)
Hibernate: 
    select
        dt1_0.id,
        dt1_0.applied_price,
        dt1_0.created_at,
        dt1_0.customer_id,
        dt1_0.delivery_date,
        dt1_0.notes,
        dt1_0.product_id,
        dt1_0.quantity,
        dt1_0.session,
        dt1_0.status,
        dt1_0.total_amount,
        dt1_0.unit,
        dt1_0.updated_at 
    from
        delivery_transactions dt1_0 
    where
        dt1_0.customer_id=? 
        and dt1_0.delivery_date between ? and ? 
        and dt1_0.status=?
Hibernate: 
    insert 
    into
        bills
        (bill_period_end, bill_period_start, created_at, customer_id, issue_date, outstanding_amount, paid_amount, status, total_amount, id) 
    values
        (?, ?, ?, ?, ?, ?, ?, ?, ?, default)
Hibernate: 
    insert 
    into
        bill_items
        (average_price, bill_id, product_id, total_amount, total_quantity, id) 
    values
        (?, ?, ?, ?, ?, default)
Hibernate: 
    insert 
    into
        delivery_transactions
        (applied_price, created_at, customer_id, delivery_date, notes, product_id, quantity, session, status, total_amount, unit, updated_at, id) 
    values
        (?, ?, ?, ?, ?, ?, ?, ?, ?, ?, ?, ?, default)
Hibernate: 
    select
        dt1_0.id,
        dt1_0.applied_price,
        dt1_0.created_at,
        dt1_0.customer_id,
        dt1_0.delivery_date,
        dt1_0.notes,
        dt1_0.product_id,
        dt1_0.quantity,
        dt1_0.session,
        dt1_0.status,
        dt1_0.total_amount,
        dt1_0.unit,
        dt1_0.updated_at 
    from
        delivery_transactions dt1_0 
    where
        dt1_0.customer_id=? 
        and dt1_0.delivery_date between ? and ? 
        and dt1_0.status=?
Hibernate: 
    insert 
    into
        bills
        (bill_period_end, bill_period_start, created_at, customer_id, issue_date, outstanding_amount, paid_amount, status, total_amount, id) 
    values
        (?, ?, ?, ?, ?, ?, ?, ?, ?, default)
Hibernate: 
    insert 
    into
        bill_items
        (average_price, bill_id, product_id, total_amount, total_quantity, id) 
    values
        (?, ?, ?, ?, ?, default)
]]></system-out>
    <system-err><![CDATA[WARNING: A Java agent has been loaded dynamically (C:\Users\soman\.m2\repository\net\bytebuddy\byte-buddy-agent\1.14.18\byte-buddy-agent-1.14.18.jar)
WARNING: If a serviceability tool is in use, please run with -XX:+EnableDynamicAgentLoading to hide this warning
WARNING: If a serviceability tool is not in use, please run with -Djdk.instrument.traceUsage for more information
WARNING: Dynamic loading of agents will be disallowed by default in a future release
]]></system-err>
  </testcase>
  <testcase name="testPricingPriorityAndBillingGeneration" classname="com.liter.service.BillingAndPaymentTests" time="0.094">
    <failure message="Total bill amount must equal ₹165.00 ==&gt; expected: &lt;165.00&gt; but was: &lt;165.0000&gt;" type="org.opentest4j.AssertionFailedError"><![CDATA[org.opentest4j.AssertionFailedError: Total bill amount must equal ₹165.00 ==> expected: <165.00> but was: <165.0000>
	at org.junit.jupiter.api.AssertionFailureBuilder.build(AssertionFailureBuilder.java:151)
	at org.junit.jupiter.api.AssertionFailureBuilder.buildAndThrow(AssertionFailureBuilder.java:132)
	at org.junit.jupiter.api.AssertEquals.failNotEqual(AssertEquals.java:197)
	at org.junit.jupiter.api.AssertEquals.assertEquals(AssertEquals.java:182)
	at org.junit.jupiter.api.Assertions.assertEquals(Assertions.java:1156)
	at com.liter.service.BillingAndPaymentTests.testPricingPriorityAndBillingGeneration(BillingAndPaymentTests.java:120)
	at java.base/java.lang.reflect.Method.invoke(Method.java:565)
	at java.base/java.util.ArrayList.forEach(ArrayList.java:1612)
	at java.base/java.util.ArrayList.forEach(ArrayList.java:1612)
]]></failure>
    <system-out><![CDATA[Hibernate: 
    select
        dt1_0.id,
        dt1_0.applied_price,
        dt1_0.created_at,
        dt1_0.customer_id,
        dt1_0.delivery_date,
        dt1_0.notes,
        dt1_0.product_id,
        dt1_0.quantity,
        dt1_0.session,
        dt1_0.status,
        dt1_0.total_amount,
        dt1_0.unit,
        dt1_0.updated_at 
    from
        delivery_transactions dt1_0
Hibernate: 
    select
        b1_0.id,
        b1_0.bill_period_end,
        b1_0.bill_period_start,
        b1_0.created_at,
        b1_0.customer_id,
        b1_0.issue_date,
        b1_0.outstanding_amount,
        b1_0.paid_amount,
        b1_0.status,
        b1_0.total_amount 
    from
        bills b1_0
Hibernate: 
    select
        p1_0.id,
        p1_0.amount,
        p1_0.created_at,
        p1_0.customer_id,
        p1_0.notes,
        p1_0.payment_date,
        p1_0.payment_method,
        p1_0.reference_number 
    from
        payments p1_0
Hibernate: 
    select
        cpc1_0.id,
        cpc1_0.active,
        cpc1_0.custom_price,
        cpc1_0.customer_id,
        cpc1_0.default_qty_evening,
        cpc1_0.default_qty_morning,
        cpc1_0.product_id,
        cpc1_0.updated_at 
    from
        customer_product_configs cpc1_0
Hibernate: 
    select
        c1_0.id,
        c1_0.address,
        c1_0.created_at,
        c1_0.landmark,
        c1_0.mobile_number,
        c1_0.name,
        c1_0.notes,
        c1_0.start_date,
        c1_0.status,
        c1_0.updated_at,
        c1_0.village 
    from
        customers c1_0
Hibernate: 
    select
        p1_0.id,
        p1_0.active,
        p1_0.category,
        p1_0.created_at,
        p1_0.default_price,
        p1_0.description,
        p1_0.name,
        p1_0.unit 
    from
        products p1_0
Hibernate: 
    insert 
    into
        products
        (active, category, created_at, default_price, description, name, unit, id) 
    values
        (?, ?, ?, ?, ?, ?, ?, default)
Hibernate: 
    insert 
    into
        customers
        (address, created_at, landmark, mobile_number, name, notes, start_date, status, updated_at, village, id) 
    values
        (?, ?, ?, ?, ?, ?, ?, ?, ?, ?, default)
Hibernate: 
    insert 
    into
        customer_product_configs
        (active, custom_price, customer_id, default_qty_evening, default_qty_morning, product_id, updated_at, id) 
    values
        (?, ?, ?, ?, ?, ?, ?, default)
Hibernate: 
    insert 
    into
        delivery_transactions
        (applied_price, created_at, customer_id, delivery_date, notes, product_id, quantity, session, status, total_amount, unit, updated_at, id) 
    values
        (?, ?, ?, ?, ?, ?, ?, ?, ?, ?, ?, ?, default)
Hibernate: 
    insert 
    into
        delivery_transactions
        (applied_price, created_at, customer_id, delivery_date, notes, product_id, quantity, session, status, total_amount, unit, updated_at, id) 
    values
        (?, ?, ?, ?, ?, ?, ?, ?, ?, ?, ?, ?, default)
Hibernate: 
    insert 
    into
        delivery_transactions
        (applied_price, created_at, customer_id, delivery_date, notes, product_id, quantity, session, status, total_amount, unit, updated_at, id) 
    values
        (?, ?, ?, ?, ?, ?, ?, ?, ?, ?, ?, ?, default)
Hibernate: 
    select
        dt1_0.id,
        dt1_0.applied_price,
        dt1_0.created_at,
        dt1_0.customer_id,
        dt1_0.delivery_date,
        dt1_0.notes,
        dt1_0.product_id,
        dt1_0.quantity,
        dt1_0.session,
        dt1_0.status,
        dt1_0.total_amount,
        dt1_0.unit,
        dt1_0.updated_at 
    from
        delivery_transactions dt1_0 
    where
        dt1_0.customer_id=? 
        and dt1_0.delivery_date between ? and ? 
        and dt1_0.status=?
Hibernate: 
    insert 
    into
        bills
        (bill_period_end, bill_period_start, created_at, customer_id, issue_date, outstanding_amount, paid_amount, status, total_amount, id) 
    values
        (?, ?, ?, ?, ?, ?, ?, ?, ?, default)
Hibernate: 
    insert 
    into
        bill_items
        (average_price, bill_id, product_id, total_amount, total_quantity, id) 
    values
        (?, ?, ?, ?, ?, default)
]]></system-out>
  </testcase>
</testsuite>